<?xml version="1.0" encoding="UTF-8"?>
<!-- Generated by org.testng.reporters.JUnitReportReporter -->
<testsuite hostname="MacbookAir" failures="0" tests="3" name="test.FirstTestCase_POJO_fullTest" time="100.959" errors="0" timestamp="2024-06-28T17:54:14 IST" skipped="0">
  <testcase classname="test.FirstTestCase_POJO_fullTest" name="FailTestguestCheckoutUsingBankTransfer" time="7.313"/>
  <system-out/>
  <testcase classname="test.FirstTestCase_POJO_fullTest" name="LoginAndCheckOut_guestCheckoutUsingBankTransfer" time="41.205"/>
  <system-out/>
  <testcase classname="test.FirstTestCase_POJO_fullTest" name="CountrySelectUsing_SelectClass" time="52.441"/>
  <system-out/>
</testsuite> <!-- test.FirstTestCase_POJO_fullTest -->
