<?xml version="1.0" encoding="UTF-8"?>
<!-- Generated by org.testng.reporters.JUnitReportReporter -->
<testsuite hostname="MacbookAir" failures="0" tests="1" name="test.OpenNewWindow" time="201.966" errors="0" timestamp="2024-06-25T23:30:07 IST" skipped="0">
  <testcase classname="test.OpenNewWindow" name="OpenNewWindowTest" time="201.966"/>
  <system-out/>
</testsuite> <!-- test.OpenNewWindow -->
