<?xml version="1.0" encoding="UTF-8"?>
<!-- Generated by org.testng.reporters.JUnitReportReporter -->
<testsuite hostname="192.168.1.5" failures="0" tests="1" name="org.selenium.FirstTestCase_POJO_using_parametrised_constructor" time="55.060" errors="0" timestamp="2024-05-16T15:41:56 IST" skipped="0">
  <testcase classname="org.selenium.FirstTestCase_POJO_using_parametrised_constructor" name="guestCheckoutUsingBankTransfer" time="55.060"/>
  <system-out/>
</testsuite> <!-- org.selenium.FirstTestCase_POJO_using_parametrised_constructor -->
