<?xml version="1.0" encoding="UTF-8"?>
<!-- Generated by org.testng.reporters.JUnitReportReporter -->
<testsuite hostname="MacbookAir" failures="0" tests="1" name="test.currentURL" time="48.864" errors="0" timestamp="2024-06-25T23:32:34 IST" skipped="0">
  <testcase classname="test.currentURL" name="OpenNewWindowTest" time="48.864"/>
  <system-out/>
</testsuite> <!-- test.currentURL -->
