<?xml version="1.0" encoding="UTF-8"?>
<!-- Generated by org.testng.reporters.JUnitReportReporter -->
<testsuite hostname="MacbookAir" failures="0" tests="1" name="test.check" time="47.080" errors="0" timestamp="2024-05-29T17:31:42 IST" skipped="0">
  <testcase classname="test.check" name="hi" time="47.080"/>
  <system-out/>
</testsuite> <!-- test.check -->
