<?xml version="1.0" encoding="UTF-8"?>
<!-- Generated by org.testng.reporters.JUnitReportReporter -->
<testsuite hostname="192.168.1.11" failures="0" tests="1" name="test.Flipkart" time="139.071" errors="0" timestamp="2024-05-20T15:17:44 IST" skipped="0">
  <testcase classname="test.Flipkart" name="Flipakrt" time="139.071"/>
  <system-out/>
</testsuite> <!-- test.Flipkart -->
