<?xml version="1.0" encoding="UTF-8"?>
<!-- Generated by org.testng.reporters.JUnitReportReporter -->
<testsuite hostname="MacbookAir" failures="0" tests="1" name="test.NavigationTest" time="60.273" errors="0" timestamp="2024-06-27T15:53:17 IST" skipped="0">
  <testcase classname="test.NavigationTest" name="NavigateFromHomeToStoreUsingMainMenu" time="60.273"/>
  <system-out/>
</testsuite> <!-- test.NavigationTest -->
