<?xml version="1.0" encoding="UTF-8"?>
<!-- Generated by org.testng.reporters.JUnitReportReporter -->
<testsuite hostname="MacbookAir" failures="0" tests="1" name="test.TC_02_MenPageTest" time="49.853" errors="0" timestamp="2024-05-29T01:40:44 IST" skipped="0">
  <testcase classname="test.TC_02_MenPageTest" name="OrderThroughMenPage" time="49.853"/>
  <system-out/>
</testsuite> <!-- test.TC_02_MenPageTest -->
