<?xml version="1.0" encoding="UTF-8"?>
<!-- Generated by org.testng.reporters.JUnitReportReporter -->
<testsuite hostname="MacbookAir" failures="0" tests="1" name="test.check" time="45.142" errors="0" timestamp="2024-05-29T18:07:01 IST" skipped="0">
  <testcase classname="test.check" name="hi" time="45.142"/>
  <system-out/>
</testsuite> <!-- test.check -->
