<?xml version="1.0" encoding="UTF-8"?>
<!-- Generated by org.testng.reporters.JUnitReportReporter -->
<testsuite hostname="MacbookAir" failures="0" tests="1" name="test.TC_02_MenPageTest" time="56.249" errors="0" timestamp="2024-05-29T14:02:55 IST" skipped="0">
  <testcase classname="test.TC_02_MenPageTest" name="OrderThroughMenPage" time="56.249"/>
  <system-out/>
</testsuite> <!-- test.TC_02_MenPageTest -->
