<?xml version="1.0" encoding="UTF-8"?>
<!-- Generated by org.testng.reporters.JUnitReportReporter -->
<testsuite hostname="MacbookAir" failures="0" tests="2" name="test.FirstTestCase_POJO_fullTest" time="36.550" errors="0" timestamp="2024-05-29T01:52:25 IST" skipped="0">
  <testcase classname="test.FirstTestCase_POJO_fullTest" name="LoginAndCheckOut_guestCheckoutUsingBankTransfer" time="22.009"/>
  <system-out/>
  <testcase classname="test.FirstTestCase_POJO_fullTest" name="CountrySelectUsing_SelectClass" time="14.541"/>
  <system-out/>
</testsuite> <!-- test.FirstTestCase_POJO_fullTest -->
