<?xml version="1.0" encoding="UTF-8"?>
<!-- Generated by org.testng.reporters.JUnitReportReporter -->
<testsuite hostname="MacbookAir" failures="0" tests="2" name="test.FirstTestCase_POJO_fullTest" time="54.935" errors="0" timestamp="2024-05-28T17:02:51 IST" skipped="0">
  <testcase classname="test.FirstTestCase_POJO_fullTest" name="LoginAndCheckOut_guestCheckoutUsingBankTransfer" time="36.095"/>
  <system-out/>
  <testcase classname="test.FirstTestCase_POJO_fullTest" name="CountrySelectUsing_SelectClass" time="18.840"/>
  <system-out/>
</testsuite> <!-- test.FirstTestCase_POJO_fullTest -->
