<?xml version="1.0" encoding="UTF-8"?>
<!-- Generated by org.testng.reporters.JUnitReportReporter -->
<testsuite hostname="MacbookAir" failures="0" tests="2" name="test.FirstTestCase_POJO_fullTest" time="311.946" errors="0" timestamp="2024-06-24T16:38:23 IST" skipped="0">
  <testcase classname="test.FirstTestCase_POJO_fullTest" name="LoginAndCheckOut_guestCheckoutUsingBankTransfer" time="292.567"/>
  <system-out/>
  <testcase classname="test.FirstTestCase_POJO_fullTest" name="CountrySelectUsing_SelectClass" time="19.379"/>
  <system-out/>
</testsuite> <!-- test.FirstTestCase_POJO_fullTest -->
