<?xml version="1.0" encoding="UTF-8"?>
<!-- Generated by org.testng.reporters.JUnitReportReporter -->
<testsuite hostname="MacbookAir" failures="0" tests="1" name="test.TC_02_MenPageTest" time="22.750" errors="0" timestamp="2024-06-24T16:38:23 IST" skipped="0">
  <testcase classname="test.TC_02_MenPageTest" name="OrderThroughMenPage" time="22.750"/>
  <system-out/>
</testsuite> <!-- test.TC_02_MenPageTest -->
